Running Bronze: Extracting Crypto Data...
python : 2026-02-27 09:19:42,775 INFO [crypto_ingestion] Starting crypto data ingestion job.
At C:\High-Volume-Market-Data-Pipeline\run_pipeline.ps1:11 char:1
+ python src/ingestion/extract_crypto_data.py
+ ~~~~~~~~~~~~~~~~~~~~~~~~~~~~~~~~~~~~~~~~~~~
    + CategoryInfo          : NotSpecified: (2026-02-27 09:1... ingestion job.:String) [], RemoteExcept 
   ion
    + FullyQualifiedErrorId : NativeCommandError
 
WARNING: Using incubator modules: jdk.incubator.vector
Using Spark's default log4j profile: org/apache/spark/log4j2-defaults.properties
Setting default log level to "WARN".
To adjust logging level use sc.setLogLevel(newLevel). For SparkR, use setLogLevel(newLevel).
26/02/27 09:19:49 WARN Utils: Service 'SparkUI' could not bind on port 4040. Attempting port 4041.
26/02/27 09:19:49 WARN Utils: Service 'SparkUI' could not bind on port 4041. Attempting port 4042.
26/02/27 09:19:49 WARN Utils: Service 'SparkUI' could not bind on port 4042. Attempting port 4043.
2026-02-27 09:19:54,600 INFO [crypto_ingestion] Requesting data from CoinGecko: 
https://api.coingecko.com/api/v3/coins/markets
2026-02-27 09:19:54,961 INFO [crypto_ingestion] Fetched 50 records from CoinGecko.

[Stage 0:>                                                        (0 + 22) / 22]

[Stage 0:=========================================================(22 + 0) / 22]

                                                                                
2026-02-27 09:20:27,392 INFO [crypto_ingestion] Created DataFrame with 50 rows.

[Stage 3:>                                                        (0 + 22) / 22]

                                                                                
2026-02-27 09:20:50,102 INFO [crypto_ingestion] Writing data for partition_date(s): 
[datetime.date(2026, 2, 27)]

[Stage 6:>                                                        (0 + 22) / 22]
26/02/27 09:20:57 WARN MemoryManager: Total allocation exceeds 95.00% (1,020,054,720 bytes) of heap 
memory
Scaling row group sizes to 95.00% for 8 writers
26/02/27 09:20:58 WARN MemoryManager: Total allocation exceeds 95.00% (1,020,054,720 bytes) of heap 
memory
Scaling row group sizes to 84.44% for 9 writers
26/02/27 09:20:59 WARN MemoryManager: Total allocation exceeds 95.00% (1,020,054,720 bytes) of heap 
memory
Scaling row group sizes to 76.00% for 10 writers
26/02/27 09:21:00 WARN MemoryManager: Total allocation exceeds 95.00% (1,020,054,720 bytes) of heap 
memory
Scaling row group sizes to 69.09% for 11 writers
26/02/27 09:21:01 WARN MemoryManager: Total allocation exceeds 95.00% (1,020,054,720 bytes) of heap 
memory
Scaling row group sizes to 63.33% for 12 writers
26/02/27 09:21:01 WARN MemoryManager: Total allocation exceeds 95.00% (1,020,054,720 bytes) of heap 
memory
Scaling row group sizes to 58.46% for 13 writers
26/02/27 09:21:02 WARN MemoryManager: Total allocation exceeds 95.00% (1,020,054,720 bytes) of heap 
memory
Scaling row group sizes to 54.29% for 14 writers
26/02/27 09:21:03 WARN MemoryManager: Total allocation exceeds 95.00% (1,020,054,720 bytes) of heap 
memory
Scaling row group sizes to 50.67% for 15 writers
26/02/27 09:21:04 WARN MemoryManager: Total allocation exceeds 95.00% (1,020,054,720 bytes) of heap 
memory
Scaling row group sizes to 47.50% for 16 writers
26/02/27 09:21:05 WARN MemoryManager: Total allocation exceeds 95.00% (1,020,054,720 bytes) of heap 
memory
Scaling row group sizes to 44.71% for 17 writers
26/02/27 09:21:06 WARN MemoryManager: Total allocation exceeds 95.00% (1,020,054,720 bytes) of heap 
memory
Scaling row group sizes to 42.22% for 18 writers
26/02/27 09:21:06 WARN MemoryManager: Total allocation exceeds 95.00% (1,020,054,720 bytes) of heap 
memory
Scaling row group sizes to 40.00% for 19 writers
26/02/27 09:21:07 WARN MemoryManager: Total allocation exceeds 95.00% (1,020,054,720 bytes) of heap 
memory
Scaling row group sizes to 38.00% for 20 writers
26/02/27 09:21:08 WARN MemoryManager: Total allocation exceeds 95.00% (1,020,054,720 bytes) of heap 
memory
Scaling row group sizes to 36.19% for 21 writers
26/02/27 09:21:09 WARN MemoryManager: Total allocation exceeds 95.00% (1,020,054,720 bytes) of heap 
memory
Scaling row group sizes to 34.55% for 22 writers
26/02/27 09:21:09 WARN MemoryManager: Total allocation exceeds 95.00% (1,020,054,720 bytes) of heap 
memory
Scaling row group sizes to 36.19% for 21 writers
26/02/27 09:21:09 WARN MemoryManager: Total allocation exceeds 95.00% (1,020,054,720 bytes) of heap 
memory
Scaling row group sizes to 38.00% for 20 writers
26/02/27 09:21:09 WARN MemoryManager: Total allocation exceeds 95.00% (1,020,054,720 bytes) of heap 
memory
Scaling row group sizes to 40.00% for 19 writers
26/02/27 09:21:09 WARN MemoryManager: Total allocation exceeds 95.00% (1,020,054,720 bytes) of heap 
memory
Scaling row group sizes to 42.22% for 18 writers
26/02/27 09:21:09 WARN MemoryManager: Total allocation exceeds 95.00% (1,020,054,720 bytes) of heap 
memory
Scaling row group sizes to 44.71% for 17 writers
26/02/27 09:21:09 WARN MemoryManager: Total allocation exceeds 95.00% (1,020,054,720 bytes) of heap 
memory
Scaling row group sizes to 47.50% for 16 writers
26/02/27 09:21:09 WARN MemoryManager: Total allocation exceeds 95.00% (1,020,054,720 bytes) of heap 
memory
Scaling row group sizes to 50.67% for 15 writers
26/02/27 09:21:09 WARN MemoryManager: Total allocation exceeds 95.00% (1,020,054,720 bytes) of heap 
memory
Scaling row group sizes to 54.29% for 14 writers
26/02/27 09:21:09 WARN MemoryManager: Total allocation exceeds 95.00% (1,020,054,720 bytes) of heap 
memory
Scaling row group sizes to 58.46% for 13 writers
26/02/27 09:21:09 WARN MemoryManager: Total allocation exceeds 95.00% (1,020,054,720 bytes) of heap 
memory
Scaling row group sizes to 63.33% for 12 writers
26/02/27 09:21:09 WARN MemoryManager: Total allocation exceeds 95.00% (1,020,054,720 bytes) of heap 
memory
Scaling row group sizes to 69.09% for 11 writers
26/02/27 09:21:09 WARN MemoryManager: Total allocation exceeds 95.00% (1,020,054,720 bytes) of heap 
memory
Scaling row group sizes to 76.00% for 10 writers
26/02/27 09:21:09 WARN MemoryManager: Total allocation exceeds 95.00% (1,020,054,720 bytes) of heap 
memory
Scaling row group sizes to 84.44% for 9 writers
26/02/27 09:21:09 WARN MemoryManager: Total allocation exceeds 95.00% (1,020,054,720 bytes) of heap 
memory
Scaling row group sizes to 95.00% for 8 writers

                                                                                
2026-02-27 09:21:09,958 INFO [crypto_ingestion] Successfully wrote data to 
/opt/spark/data/bronze/crypto_prices/
2026-02-27 09:21:09,958 INFO [crypto_ingestion] Crypto data ingestion job completed successfully.
2026-02-27 09:21:09,958 INFO [crypto_ingestion] Stopping SparkSession.
SUCCESS: The process with PID 30744 (child process of PID 28688) has been terminated.
SUCCESS: The process with PID 28688 (child process of PID 14436) has been terminated.
SUCCESS: The process with PID 14436 (child process of PID 23744) has been terminated.
Running Silver: Converting Bronze to Silver...
python : 2026-02-27 09:21:11,467 INFO [bronze_to_silver_crypto] Starting bronze to silver crypto 
processing job.
At C:\High-Volume-Market-Data-Pipeline\run_pipeline.ps1:21 char:1
+ python src/processing/bronze_to_silver_crypto.py
+ ~~~~~~~~~~~~~~~~~~~~~~~~~~~~~~~~~~~~~~~~~~~~~~~~
    + CategoryInfo          : NotSpecified: (2026-02-27 09:2...processing job.:String) [], RemoteExcept 
   ion
    + FullyQualifiedErrorId : NativeCommandError
 
WARNING: Using incubator modules: jdk.incubator.vector
Using Spark's default log4j profile: org/apache/spark/log4j2-defaults.properties
Setting default log level to "WARN".
To adjust logging level use sc.setLogLevel(newLevel). For SparkR, use setLogLevel(newLevel).
26/02/27 09:21:16 WARN Utils: Service 'SparkUI' could not bind on port 4040. Attempting port 4041.
26/02/27 09:21:17 WARN SparkSession: Cannot use io.delta.sql.DeltaSparkSessionExtension to configure 
session extensions.
java.lang.ClassNotFoundException: io.delta.sql.DeltaSparkSessionExtension
	at java.base/java.net.URLClassLoader.findClass(URLClassLoader.java:445)
	at java.base/java.lang.ClassLoader.loadClass(ClassLoader.java:592)
	at java.base/java.lang.ClassLoader.loadClass(ClassLoader.java:525)
	at java.base/java.lang.Class.forName0(Native Method)
	at java.base/java.lang.Class.forName(Class.java:469)
	at org.apache.spark.util.SparkClassUtils.classForName(SparkClassUtils.scala:42)
	at org.apache.spark.util.SparkClassUtils.classForName$(SparkClassUtils.scala:37)
	at org.apache.spark.util.Utils$.classForName(Utils.scala:97)
	at org.apache.spark.sql.classic.SparkSession$.$anonfun$applyExtensions$2(SparkSession.scala:1232)
	at 
org.apache.spark.sql.classic.SparkSession$.$anonfun$applyExtensions$2$adapted(SparkSession.scala:1230)
	at scala.collection.IterableOnceOps.foreach(IterableOnce.scala:630)
	at scala.collection.IterableOnceOps.foreach$(IterableOnce.scala:628)
	at scala.collection.AbstractIterable.foreach(Iterable.scala:936)
	at org.apache.spark.sql.classic.SparkSession$.org$apache$spark$sql$classic$SparkSession$$applyExtension
s(SparkSession.scala:1230)
	at org.apache.spark.sql.classic.SparkSession$.applyAndLoadExtensions(SparkSession.scala:1214)
	at org.apache.spark.sql.classic.SparkSession.<init>(SparkSession.scala:117)
	at java.base/jdk.internal.reflect.NativeConstructorAccessorImpl.newInstance0(Native Method)
	at java.base/jdk.internal.reflect.NativeConstructorAccessorImpl.newInstance(NativeConstructorAccessorIm
pl.java:77)
	at java.base/jdk.internal.reflect.DelegatingConstructorAccessorImpl.newInstance(DelegatingConstructorAc
cessorImpl.java:45)
	at java.base/java.lang.reflect.Constructor.newInstanceWithCaller(Constructor.java:500)
	at java.base/java.lang.reflect.Constructor.newInstance(Constructor.java:481)
	at py4j.reflection.MethodInvoker.invoke(MethodInvoker.java:247)
	at py4j.reflection.ReflectionEngine.invoke(ReflectionEngine.java:374)
	at py4j.Gateway.invoke(Gateway.java:238)
	at py4j.commands.ConstructorCommand.invokeConstructor(ConstructorCommand.java:80)
	at py4j.commands.ConstructorCommand.execute(ConstructorCommand.java:69)
	at py4j.ClientServerConnection.waitForCommands(ClientServerConnection.java:184)
	at py4j.ClientServerConnection.run(ClientServerConnection.java:108)
	at java.base/java.lang.Thread.run(Thread.java:840)
2026-02-27 09:21:22,397 INFO [bronze_to_silver_crypto] Stopping SparkSession.
Traceback (most recent call last):
  File "C:\High-Volume-Market-Data-Pipeline\src\processing\bronze_to_silver_crypto.py", line 105, in 
<module>
    run_bronze_to_silver()
  File "C:\High-Volume-Market-Data-Pipeline\src\processing\bronze_to_silver_crypto.py", line 91, in 
run_bronze_to_silver
    bronze_df = _read_bronze(spark)
                ^^^^^^^^^^^^^^^^^^^
  File "C:\High-Volume-Market-Data-Pipeline\src\processing\bronze_to_silver_crypto.py", line 39, in 
_read_bronze
    return spark.read.format("delta").load(BRONZE_PATH)
           ^^^^^^^^^^^^^^^^^^^^^^^^^^^^^^^^^^^^^^^^^^^^
  File 
"C:\Users\MATAN\AppData\Local\Programs\Python\Python311\Lib\site-packages\pyspark\sql\readwriter.py", 
line 311, in load
    return self._df(self._jreader.load(path))
                    ^^^^^^^^^^^^^^^^^^^^^^^^
  File "C:\Users\MATAN\AppData\Local\Programs\Python\Python311\Lib\site-packages\py4j\java_gateway.py", 
line 1362, in __call__
    return_value = get_return_value(
                   ^^^^^^^^^^^^^^^^^
  File "C:\Users\MATAN\AppData\Local\Programs\Python\Python311\Lib\site-packages\pyspark\errors\exceptio
ns\captured.py", line 263, in deco
    return f(*a, **kw)
           ^^^^^^^^^^^
  File "C:\Users\MATAN\AppData\Local\Programs\Python\Python311\Lib\site-packages\py4j\protocol.py", 
line 327, in get_return_value
    raise Py4JJavaError(
py4j.protocol.Py4JJavaError: An error occurred while calling o36.load.
: org.apache.spark.SparkClassNotFoundException: [DATA_SOURCE_NOT_FOUND] Failed to find the data source: 
delta. Make sure the provider name is correct and the package is properly registered and compatible 
with your Spark version. SQLSTATE: 42K02

	at org.apache.spark.sql.errors.QueryExecutionErrors$.dataSourceNotFoundError(QueryExecutionErrors.scala
:764)

	at org.apache.spark.sql.execution.datasources.DataSource$.lookupDataSource(DataSource.scala:686)

	at org.apache.spark.sql.execution.datasources.DataSource$.lookupDataSourceV2(DataSource.scala:745)

	at org.apache.spark.sql.catalyst.analysis.ResolveDataSource$$anonfun$apply$1.applyOrElse(ResolveDataSou
rce.scala:58)

	at org.apache.spark.sql.catalyst.analysis.ResolveDataSource$$anonfun$apply$1.applyOrElse(ResolveDataSou
rce.scala:45)

	at org.apache.spark.sql.catalyst.plans.logical.AnalysisHelper.$anonfun$resolveOperatorsUpWithPruning$3(
AnalysisHelper.scala:139)

	at org.apache.spark.sql.catalyst.trees.CurrentOrigin$.withOrigin(origin.scala:107)

	at org.apache.spark.sql.catalyst.plans.logical.AnalysisHelper.$anonfun$resolveOperatorsUpWithPruning$1(
AnalysisHelper.scala:139)

	at org.apache.spark.sql.catalyst.plans.logical.AnalysisHelper$.allowInvokingTransformsInAnalyzer(Analys
isHelper.scala:416)

	at org.apache.spark.sql.catalyst.plans.logical.AnalysisHelper.resolveOperatorsUpWithPruning(AnalysisHel
per.scala:135)

	at org.apache.spark.sql.catalyst.plans.logical.AnalysisHelper.resolveOperatorsUpWithPruning$(AnalysisHe
lper.scala:131)

	at org.apache.spark.sql.catalyst.plans.logical.LogicalPlan.resolveOperatorsUpWithPruning(LogicalPlan.sc
ala:37)

	at 
org.apache.spark.sql.catalyst.plans.logical.AnalysisHelper.resolveOperatorsUp(AnalysisHelper.scala:112)

	at 
org.apache.spark.sql.catalyst.plans.logical.AnalysisHelper.resolveOperatorsUp$(AnalysisHelper.scala:111)

	at org.apache.spark.sql.catalyst.plans.logical.LogicalPlan.resolveOperatorsUp(LogicalPlan.scala:37)

	at org.apache.spark.sql.catalyst.analysis.ResolveDataSource.apply(ResolveDataSource.scala:45)

	at org.apache.spark.sql.catalyst.analysis.ResolveDataSource.apply(ResolveDataSource.scala:43)

	at org.apache.spark.sql.catalyst.rules.RuleExecutor.$anonfun$execute$2(RuleExecutor.scala:248)

	at scala.collection.LinearSeqOps.foldLeft(LinearSeq.scala:183)

	at scala.collection.LinearSeqOps.foldLeft$(LinearSeq.scala:179)

	at scala.collection.immutable.List.foldLeft(List.scala:79)

	at org.apache.spark.sql.catalyst.rules.RuleExecutor.$anonfun$execute$1(RuleExecutor.scala:245)

	at org.apache.spark.sql.catalyst.rules.RuleExecutor.$anonfun$execute$1$adapted(RuleExecutor.scala:237)

	at scala.collection.immutable.List.foreach(List.scala:323)

	at org.apache.spark.sql.catalyst.rules.RuleExecutor.execute(RuleExecutor.scala:237)

	at org.apache.spark.sql.catalyst.analysis.Analyzer.org$apache$spark$sql$catalyst$analysis$Analyzer$$exe
cuteSameContext(Analyzer.scala:343)

	at org.apache.spark.sql.catalyst.analysis.Analyzer.$anonfun$execute$1(Analyzer.scala:339)

	at org.apache.spark.sql.catalyst.analysis.AnalysisContext$.withNewAnalysisContext(Analyzer.scala:224)

	at org.apache.spark.sql.catalyst.analysis.Analyzer.execute(Analyzer.scala:339)

	at org.apache.spark.sql.catalyst.analysis.Analyzer.execute(Analyzer.scala:289)

	at org.apache.spark.sql.catalyst.rules.RuleExecutor.$anonfun$executeAndTrack$1(RuleExecutor.scala:207)

	at org.apache.spark.sql.catalyst.QueryPlanningTracker$.withTracker(QueryPlanningTracker.scala:89)

	at org.apache.spark.sql.catalyst.rules.RuleExecutor.executeAndTrack(RuleExecutor.scala:207)

	at org.apache.spark.sql.catalyst.analysis.resolver.HybridAnalyzer.resolveInFixedPoint(HybridAnalyzer.sc
ala:236)

	at 
org.apache.spark.sql.catalyst.analysis.resolver.HybridAnalyzer.$anonfun$apply$1(HybridAnalyzer.scala:91)

	at org.apache.spark.sql.catalyst.analysis.resolver.HybridAnalyzer.withTrackedAnalyzerBridgeState(Hybrid
Analyzer.scala:122)

	at org.apache.spark.sql.catalyst.analysis.resolver.HybridAnalyzer.apply(HybridAnalyzer.scala:84)

	at org.apache.spark.sql.catalyst.analysis.Analyzer.$anonfun$executeAndCheck$1(Analyzer.scala:322)

	at org.apache.spark.sql.catalyst.plans.logical.AnalysisHelper$.markInAnalyzer(AnalysisHelper.scala:423)

	at org.apache.spark.sql.catalyst.analysis.Analyzer.executeAndCheck(Analyzer.scala:322)

	at org.apache.spark.sql.execution.QueryExecution.$anonfun$lazyAnalyzed$2(QueryExecution.scala:139)

	at org.apache.spark.sql.catalyst.QueryPlanningTracker.measurePhase(QueryPlanningTracker.scala:148)

	at org.apache.spark.sql.execution.QueryExecution.$anonfun$executePhase$2(QueryExecution.scala:330)

	at org.apache.spark.sql.execution.QueryExecution$.withInternalError(QueryExecution.scala:717)

	at org.apache.spark.sql.execution.QueryExecution.$anonfun$executePhase$1(QueryExecution.scala:330)

	at org.apache.spark.sql.SparkSession.withActive(SparkSession.scala:804)

	at org.apache.spark.sql.execution.QueryExecution.executePhase(QueryExecution.scala:329)

	at org.apache.spark.sql.execution.QueryExecution.$anonfun$lazyAnalyzed$1(QueryExecution.scala:139)

	at scala.util.Try$.apply(Try.scala:217)

	at org.apache.spark.util.Utils$.doTryWithCallerStacktrace(Utils.scala:1392)

	at org.apache.spark.util.Utils$.getTryWithCallerStacktrace(Utils.scala:1453)

	at org.apache.spark.util.LazyTry.get(LazyTry.scala:58)

	at org.apache.spark.sql.execution.QueryExecution.analyzed(QueryExecution.scala:150)

	at org.apache.spark.sql.execution.QueryExecution.assertAnalyzed(QueryExecution.scala:90)

	at org.apache.spark.sql.classic.Dataset$.$anonfun$ofRows$1(Dataset.scala:114)

	at org.apache.spark.sql.SparkSession.withActive(SparkSession.scala:804)

	at org.apache.spark.sql.classic.Dataset$.ofRows(Dataset.scala:112)

	at org.apache.spark.sql.classic.DataFrameReader.load(DataFrameReader.scala:108)

	at org.apache.spark.sql.classic.DataFrameReader.load(DataFrameReader.scala:99)

	at java.base/jdk.internal.reflect.NativeMethodAccessorImpl.invoke0(Native Method)

	at java.base/jdk.internal.reflect.NativeMethodAccessorImpl.invoke(NativeMethodAccessorImpl.java:77)

	at 
java.base/jdk.internal.reflect.DelegatingMethodAccessorImpl.invoke(DelegatingMethodAccessorImpl.java:43)

	at java.base/java.lang.reflect.Method.invoke(Method.java:569)

	at py4j.reflection.MethodInvoker.invoke(MethodInvoker.java:244)

	at py4j.reflection.ReflectionEngine.invoke(ReflectionEngine.java:374)

	at py4j.Gateway.invoke(Gateway.java:282)

	at py4j.commands.AbstractCommand.invokeMethod(AbstractCommand.java:132)

	at py4j.commands.CallCommand.execute(CallCommand.java:79)

	at py4j.ClientServerConnection.waitForCommands(ClientServerConnection.java:184)

	at py4j.ClientServerConnection.run(ClientServerConnection.java:108)

	at java.base/java.lang.Thread.run(Thread.java:840)

	Suppressed: org.apache.spark.util.Utils$OriginalTryStackTraceException: Full stacktrace of original 
doTryWithCallerStacktrace caller

		at org.apache.spark.sql.errors.QueryExecutionErrors$.dataSourceNotFoundError(QueryExecutionErrors.scal
a:764)

		at org.apache.spark.sql.execution.datasources.DataSource$.lookupDataSource(DataSource.scala:686)

		at org.apache.spark.sql.execution.datasources.DataSource$.lookupDataSourceV2(DataSource.scala:745)

		at org.apache.spark.sql.catalyst.analysis.ResolveDataSource$$anonfun$apply$1.applyOrElse(ResolveDataSo
urce.scala:58)

		at org.apache.spark.sql.catalyst.analysis.ResolveDataSource$$anonfun$apply$1.applyOrElse(ResolveDataSo
urce.scala:45)

		at org.apache.spark.sql.catalyst.plans.logical.AnalysisHelper.$anonfun$resolveOperatorsUpWithPruning$3
(AnalysisHelper.scala:139)

		at org.apache.spark.sql.catalyst.trees.CurrentOrigin$.withOrigin(origin.scala:107)

		at org.apache.spark.sql.catalyst.plans.logical.AnalysisHelper.$anonfun$resolveOperatorsUpWithPruning$1
(AnalysisHelper.scala:139)

		at org.apache.spark.sql.catalyst.plans.logical.AnalysisHelper$.allowInvokingTransformsInAnalyzer(Analy
sisHelper.scala:416)

		at org.apache.spark.sql.catalyst.plans.logical.AnalysisHelper.resolveOperatorsUpWithPruning(AnalysisHe
lper.scala:135)

		at org.apache.spark.sql.catalyst.plans.logical.AnalysisHelper.resolveOperatorsUpWithPruning$(AnalysisH
elper.scala:131)

		at org.apache.spark.sql.catalyst.plans.logical.LogicalPlan.resolveOperatorsUpWithPruning(LogicalPlan.s
cala:37)

		at 
org.apache.spark.sql.catalyst.plans.logical.AnalysisHelper.resolveOperatorsUp(AnalysisHelper.scala:112)

		at 
org.apache.spark.sql.catalyst.plans.logical.AnalysisHelper.resolveOperatorsUp$(AnalysisHelper.scala:111)

		at org.apache.spark.sql.catalyst.plans.logical.LogicalPlan.resolveOperatorsUp(LogicalPlan.scala:37)

		at org.apache.spark.sql.catalyst.analysis.ResolveDataSource.apply(ResolveDataSource.scala:45)

		at org.apache.spark.sql.catalyst.analysis.ResolveDataSource.apply(ResolveDataSource.scala:43)

		at org.apache.spark.sql.catalyst.rules.RuleExecutor.$anonfun$execute$2(RuleExecutor.scala:248)

		at scala.collection.LinearSeqOps.foldLeft(LinearSeq.scala:183)

		at scala.collection.LinearSeqOps.foldLeft$(LinearSeq.scala:179)

		at scala.collection.immutable.List.foldLeft(List.scala:79)

		at org.apache.spark.sql.catalyst.rules.RuleExecutor.$anonfun$execute$1(RuleExecutor.scala:245)

		at org.apache.spark.sql.catalyst.rules.RuleExecutor.$anonfun$execute$1$adapted(RuleExecutor.scala:237)

		at scala.collection.immutable.List.foreach(List.scala:323)

		at org.apache.spark.sql.catalyst.rules.RuleExecutor.execute(RuleExecutor.scala:237)

		at org.apache.spark.sql.catalyst.analysis.Analyzer.org$apache$spark$sql$catalyst$analysis$Analyzer$$ex
ecuteSameContext(Analyzer.scala:343)

		at org.apache.spark.sql.catalyst.analysis.Analyzer.$anonfun$execute$1(Analyzer.scala:339)

		at org.apache.spark.sql.catalyst.analysis.AnalysisContext$.withNewAnalysisContext(Analyzer.scala:224)

		at org.apache.spark.sql.catalyst.analysis.Analyzer.execute(Analyzer.scala:339)

		at org.apache.spark.sql.catalyst.analysis.Analyzer.execute(Analyzer.scala:289)

		at org.apache.spark.sql.catalyst.rules.RuleExecutor.$anonfun$executeAndTrack$1(RuleExecutor.scala:207)

		at org.apache.spark.sql.catalyst.QueryPlanningTracker$.withTracker(QueryPlanningTracker.scala:89)

		at org.apache.spark.sql.catalyst.rules.RuleExecutor.executeAndTrack(RuleExecutor.scala:207)

		at org.apache.spark.sql.catalyst.analysis.resolver.HybridAnalyzer.resolveInFixedPoint(HybridAnalyzer.s
cala:236)

		at 
org.apache.spark.sql.catalyst.analysis.resolver.HybridAnalyzer.$anonfun$apply$1(HybridAnalyzer.scala:91)

		at org.apache.spark.sql.catalyst.analysis.resolver.HybridAnalyzer.withTrackedAnalyzerBridgeState(Hybri
dAnalyzer.scala:122)

		at org.apache.spark.sql.catalyst.analysis.resolver.HybridAnalyzer.apply(HybridAnalyzer.scala:84)

		at org.apache.spark.sql.catalyst.analysis.Analyzer.$anonfun$executeAndCheck$1(Analyzer.scala:322)

		at 
org.apache.spark.sql.catalyst.plans.logical.AnalysisHelper$.markInAnalyzer(AnalysisHelper.scala:423)

		at org.apache.spark.sql.catalyst.analysis.Analyzer.executeAndCheck(Analyzer.scala:322)

		at org.apache.spark.sql.execution.QueryExecution.$anonfun$lazyAnalyzed$2(QueryExecution.scala:139)

		at org.apache.spark.sql.catalyst.QueryPlanningTracker.measurePhase(QueryPlanningTracker.scala:148)

		at org.apache.spark.sql.execution.QueryExecution.$anonfun$executePhase$2(QueryExecution.scala:330)

		at org.apache.spark.sql.execution.QueryExecution$.withInternalError(QueryExecution.scala:717)

		at org.apache.spark.sql.execution.QueryExecution.$anonfun$executePhase$1(QueryExecution.scala:330)

		at org.apache.spark.sql.SparkSession.withActive(SparkSession.scala:804)

		at org.apache.spark.sql.execution.QueryExecution.executePhase(QueryExecution.scala:329)

		at org.apache.spark.sql.execution.QueryExecution.$anonfun$lazyAnalyzed$1(QueryExecution.scala:139)

		at scala.util.Try$.apply(Try.scala:217)

		at org.apache.spark.util.Utils$.doTryWithCallerStacktrace(Utils.scala:1392)

		at org.apache.spark.util.LazyTry.tryT$lzycompute(LazyTry.scala:46)

		at org.apache.spark.util.LazyTry.tryT(LazyTry.scala:46)

		... 20 more

Caused by: java.lang.ClassNotFoundException: delta.DefaultSource

	at java.base/java.net.URLClassLoader.findClass(URLClassLoader.java:445)

	at java.base/java.lang.ClassLoader.loadClass(ClassLoader.java:592)

	at java.base/java.lang.ClassLoader.loadClass(ClassLoader.java:525)

	at 
org.apache.spark.sql.execution.datasources.DataSource$.$anonfun$lookupDataSource$6(DataSource.scala:670)

	at scala.util.Try$.apply(Try.scala:217)

	at 
org.apache.spark.sql.execution.datasources.DataSource$.$anonfun$lookupDataSource$5(DataSource.scala:670)

	at scala.util.Failure.orElse(Try.scala:230)

	at org.apache.spark.sql.execution.datasources.DataSource$.lookupDataSource(DataSource.scala:670)

	at org.apache.spark.sql.execution.datasources.DataSource$.lookupDataSourceV2(DataSource.scala:745)

	at org.apache.spark.sql.catalyst.analysis.ResolveDataSource$$anonfun$apply$1.applyOrElse(ResolveDataSou
rce.scala:58)

	at org.apache.spark.sql.catalyst.analysis.ResolveDataSource$$anonfun$apply$1.applyOrElse(ResolveDataSou
rce.scala:45)

	at org.apache.spark.sql.catalyst.plans.logical.AnalysisHelper.$anonfun$resolveOperatorsUpWithPruning$3(
AnalysisHelper.scala:139)

	at org.apache.spark.sql.catalyst.trees.CurrentOrigin$.withOrigin(origin.scala:107)

	at org.apache.spark.sql.catalyst.plans.logical.AnalysisHelper.$anonfun$resolveOperatorsUpWithPruning$1(
AnalysisHelper.scala:139)

	at org.apache.spark.sql.catalyst.plans.logical.AnalysisHelper$.allowInvokingTransformsInAnalyzer(Analys
isHelper.scala:416)

	at org.apache.spark.sql.catalyst.plans.logical.AnalysisHelper.resolveOperatorsUpWithPruning(AnalysisHel
per.scala:135)

	at org.apache.spark.sql.catalyst.plans.logical.AnalysisHelper.resolveOperatorsUpWithPruning$(AnalysisHe
lper.scala:131)

	at org.apache.spark.sql.catalyst.plans.logical.LogicalPlan.resolveOperatorsUpWithPruning(LogicalPlan.sc
ala:37)

	at 
org.apache.spark.sql.catalyst.plans.logical.AnalysisHelper.resolveOperatorsUp(AnalysisHelper.scala:112)

	at 
org.apache.spark.sql.catalyst.plans.logical.AnalysisHelper.resolveOperatorsUp$(AnalysisHelper.scala:111)

	at org.apache.spark.sql.catalyst.plans.logical.LogicalPlan.resolveOperatorsUp(LogicalPlan.scala:37)

	at org.apache.spark.sql.catalyst.analysis.ResolveDataSource.apply(ResolveDataSource.scala:45)

	at org.apache.spark.sql.catalyst.analysis.ResolveDataSource.apply(ResolveDataSource.scala:43)

	at org.apache.spark.sql.catalyst.rules.RuleExecutor.$anonfun$execute$2(RuleExecutor.scala:248)

	at scala.collection.LinearSeqOps.foldLeft(LinearSeq.scala:183)

	at scala.collection.LinearSeqOps.foldLeft$(LinearSeq.scala:179)

	at scala.collection.immutable.List.foldLeft(List.scala:79)

	at org.apache.spark.sql.catalyst.rules.RuleExecutor.$anonfun$execute$1(RuleExecutor.scala:245)

	at org.apache.spark.sql.catalyst.rules.RuleExecutor.$anonfun$execute$1$adapted(RuleExecutor.scala:237)

	at scala.collection.immutable.List.foreach(List.scala:323)

	at org.apache.spark.sql.catalyst.rules.RuleExecutor.execute(RuleExecutor.scala:237)

	at org.apache.spark.sql.catalyst.analysis.Analyzer.org$apache$spark$sql$catalyst$analysis$Analyzer$$exe
cuteSameContext(Analyzer.scala:343)

	at org.apache.spark.sql.catalyst.analysis.Analyzer.$anonfun$execute$1(Analyzer.scala:339)

	at org.apache.spark.sql.catalyst.analysis.AnalysisContext$.withNewAnalysisContext(Analyzer.scala:224)

	at org.apache.spark.sql.catalyst.analysis.Analyzer.execute(Analyzer.scala:339)

	at org.apache.spark.sql.catalyst.analysis.Analyzer.execute(Analyzer.scala:289)

	at org.apache.spark.sql.catalyst.rules.RuleExecutor.$anonfun$executeAndTrack$1(RuleExecutor.scala:207)

	at org.apache.spark.sql.catalyst.QueryPlanningTracker$.withTracker(QueryPlanningTracker.scala:89)

	at org.apache.spark.sql.catalyst.rules.RuleExecutor.executeAndTrack(RuleExecutor.scala:207)

	at org.apache.spark.sql.catalyst.analysis.resolver.HybridAnalyzer.resolveInFixedPoint(HybridAnalyzer.sc
ala:236)

	at 
org.apache.spark.sql.catalyst.analysis.resolver.HybridAnalyzer.$anonfun$apply$1(HybridAnalyzer.scala:91)

	at org.apache.spark.sql.catalyst.analysis.resolver.HybridAnalyzer.withTrackedAnalyzerBridgeState(Hybrid
Analyzer.scala:122)

	at org.apache.spark.sql.catalyst.analysis.resolver.HybridAnalyzer.apply(HybridAnalyzer.scala:84)

	at org.apache.spark.sql.catalyst.analysis.Analyzer.$anonfun$executeAndCheck$1(Analyzer.scala:322)

	at org.apache.spark.sql.catalyst.plans.logical.AnalysisHelper$.markInAnalyzer(AnalysisHelper.scala:423)

	at org.apache.spark.sql.catalyst.analysis.Analyzer.executeAndCheck(Analyzer.scala:322)

	at org.apache.spark.sql.execution.QueryExecution.$anonfun$lazyAnalyzed$2(QueryExecution.scala:139)

	at org.apache.spark.sql.catalyst.QueryPlanningTracker.measurePhase(QueryPlanningTracker.scala:148)

	at org.apache.spark.sql.execution.QueryExecution.$anonfun$executePhase$2(QueryExecution.scala:330)

	at org.apache.spark.sql.execution.QueryExecution$.withInternalError(QueryExecution.scala:717)

	at org.apache.spark.sql.execution.QueryExecution.$anonfun$executePhase$1(QueryExecution.scala:330)

	at org.apache.spark.sql.SparkSession.withActive(SparkSession.scala:804)

	at org.apache.spark.sql.execution.QueryExecution.executePhase(QueryExecution.scala:329)

	at org.apache.spark.sql.execution.QueryExecution.$anonfun$lazyAnalyzed$1(QueryExecution.scala:139)

	at scala.util.Try$.apply(Try.scala:217)

	at org.apache.spark.util.Utils$.doTryWithCallerStacktrace(Utils.scala:1392)

	at org.apache.spark.util.LazyTry.tryT$lzycompute(LazyTry.scala:46)

	at org.apache.spark.util.LazyTry.tryT(LazyTry.scala:46)

	... 20 more


SUCCESS: The process with PID 30452 (child process of PID 30088) has been terminated.
SUCCESS: The process with PID 30088 (child process of PID 12300) has been terminated.
SUCCESS: The process with PID 12300 (child process of PID 30904) has been terminated.
Running Gold: Converting Silver to Gold...
python : 2026-02-27 09:21:23,387 INFO [silver_to_gold_crypto_stats] Starting silver to gold crypto 
market stats job.
At C:\High-Volume-Market-Data-Pipeline\run_pipeline.ps1:25 char:1
+ python src/processing/silver_to_gold_crypto_stats.py
+ ~~~~~~~~~~~~~~~~~~~~~~~~~~~~~~~~~~~~~~~~~~~~~~~~~~~~
    + CategoryInfo          : NotSpecified: (2026-02-27 09:2...rket stats job.:String) [], RemoteExcept 
   ion
    + FullyQualifiedErrorId : NativeCommandError
 
WARNING: Using incubator modules: jdk.incubator.vector
:: loading settings :: url = 
jar:file:/C:/Spark/spark-4.1.1/jars/ivy-2.5.3.jar!/org/apache/ivy/core/settings/ivysettings.xml
Ivy Default Cache set to: C:\Users\MATAN\.ivy2.5.2\cache
The jars for the packages stored in: C:\Users\MATAN\.ivy2.5.2\jars
io.delta#delta-spark_2.12 added as a dependency
:: resolving dependencies :: 
org.apache.spark#spark-submit-parent-753e867b-64a4-438a-86d3-db856c8edbe8;1.0
	confs: [default]
	found io.delta#delta-spark_2.12;3.0.0 in central
	found io.delta#delta-storage;3.0.0 in central
	found org.antlr#antlr4-runtime;4.9.3 in central
:: resolution report :: resolve 236ms :: artifacts dl 11ms
	:: modules in use:
	io.delta#delta-spark_2.12;3.0.0 from central in [default]
	io.delta#delta-storage;3.0.0 from central in [default]
	org.antlr#antlr4-runtime;4.9.3 from central in [default]
	---------------------------------------------------------------------
	|                  |            modules            ||   artifacts   |
	|       conf       | number| search|dwnlded|evicted|| number|dwnlded|
	---------------------------------------------------------------------
	|      default     |   3   |   0   |   0   |   0   ||   3   |   0   |
	---------------------------------------------------------------------
:: retrieving :: org.apache.spark#spark-submit-parent-753e867b-64a4-438a-86d3-db856c8edbe8
	confs: [default]
	0 artifacts copied, 3 already retrieved (0kB/18ms)
Using Spark's default log4j profile: org/apache/spark/log4j2-defaults.properties
Setting default log level to "WARN".
To adjust logging level use sc.setLogLevel(newLevel). For SparkR, use setLogLevel(newLevel).
26/02/27 09:21:28 WARN Utils: Service 'SparkUI' could not bind on port 4040. Attempting port 4041.
26/02/27 09:21:31 WARN SparkSession: Cannot use io.delta.sql.DeltaSparkSessionExtension to configure 
session extensions.
java.lang.NoClassDefFoundError: scala/Serializable
	at io.delta.sql.DeltaSparkSessionExtension.apply(DeltaSparkSessionExtension.scala:78)
	at io.delta.sql.DeltaSparkSessionExtension.apply(DeltaSparkSessionExtension.scala:76)
	at org.apache.spark.sql.classic.SparkSession$.$anonfun$applyExtensions$2(SparkSession.scala:1235)
	at 
org.apache.spark.sql.classic.SparkSession$.$anonfun$applyExtensions$2$adapted(SparkSession.scala:1230)
	at scala.collection.IterableOnceOps.foreach(IterableOnce.scala:630)
	at scala.collection.IterableOnceOps.foreach$(IterableOnce.scala:628)
	at scala.collection.AbstractIterable.foreach(Iterable.scala:936)
	at org.apache.spark.sql.classic.SparkSession$.org$apache$spark$sql$classic$SparkSession$$applyExtension
s(SparkSession.scala:1230)
	at org.apache.spark.sql.classic.SparkSession$.applyAndLoadExtensions(SparkSession.scala:1214)
	at org.apache.spark.sql.classic.SparkSession.<init>(SparkSession.scala:117)
	at java.base/jdk.internal.reflect.NativeConstructorAccessorImpl.newInstance0(Native Method)
	at java.base/jdk.internal.reflect.NativeConstructorAccessorImpl.newInstance(NativeConstructorAccessorIm
pl.java:77)
	at java.base/jdk.internal.reflect.DelegatingConstructorAccessorImpl.newInstance(DelegatingConstructorAc
cessorImpl.java:45)
	at java.base/java.lang.reflect.Constructor.newInstanceWithCaller(Constructor.java:500)
	at java.base/java.lang.reflect.Constructor.newInstance(Constructor.java:481)
	at py4j.reflection.MethodInvoker.invoke(MethodInvoker.java:247)
	at py4j.reflection.ReflectionEngine.invoke(ReflectionEngine.java:374)
	at py4j.Gateway.invoke(Gateway.java:238)
	at py4j.commands.ConstructorCommand.invokeConstructor(ConstructorCommand.java:80)
	at py4j.commands.ConstructorCommand.execute(ConstructorCommand.java:69)
	at py4j.ClientServerConnection.waitForCommands(ClientServerConnection.java:184)
	at py4j.ClientServerConnection.run(ClientServerConnection.java:108)
	at java.base/java.lang.Thread.run(Thread.java:840)
Caused by: java.lang.ClassNotFoundException: scala.Serializable
	at java.base/java.net.URLClassLoader.findClass(URLClassLoader.java:445)
	at java.base/java.lang.ClassLoader.loadClass(ClassLoader.java:592)
	at java.base/java.lang.ClassLoader.loadClass(ClassLoader.java:525)
	... 23 more
2026-02-27 09:21:35,302 INFO [silver_to_gold_crypto_stats] Stopping SparkSession.
Traceback (most recent call last):
  File "C:\High-Volume-Market-Data-Pipeline\src\processing\silver_to_gold_crypto_stats.py", line 154, 
in <module>
    run_silver_to_gold()
  File "C:\High-Volume-Market-Data-Pipeline\src\processing\silver_to_gold_crypto_stats.py", line 133, 
in run_silver_to_gold
    silver_df = _read_silver(spark)
                ^^^^^^^^^^^^^^^^^^^
  File "C:\High-Volume-Market-Data-Pipeline\src\processing\silver_to_gold_crypto_stats.py", line 44, in 
_read_silver
    return spark.read.format("delta").load(SILVER_PATH)
           ^^^^^^^^^^^^^^^^^^^^^^^^^^^^^^^^^^^^^^^^^^^^
  File 
"C:\Users\MATAN\AppData\Local\Programs\Python\Python311\Lib\site-packages\pyspark\sql\readwriter.py", 
line 311, in load
    return self._df(self._jreader.load(path))
                    ^^^^^^^^^^^^^^^^^^^^^^^^
  File "C:\Users\MATAN\AppData\Local\Programs\Python\Python311\Lib\site-packages\py4j\java_gateway.py", 
line 1362, in __call__
    return_value = get_return_value(
                   ^^^^^^^^^^^^^^^^^
  File "C:\Users\MATAN\AppData\Local\Programs\Python\Python311\Lib\site-packages\pyspark\errors\exceptio
ns\captured.py", line 263, in deco
    return f(*a, **kw)
           ^^^^^^^^^^^
  File "C:\Users\MATAN\AppData\Local\Programs\Python\Python311\Lib\site-packages\py4j\protocol.py", 
line 327, in get_return_value
    raise Py4JJavaError(
py4j.protocol.Py4JJavaError: An error occurred while calling o41.load.
: java.util.ServiceConfigurationError: org.apache.spark.sql.sources.DataSourceRegister: 
org.apache.spark.sql.delta.sources.DeltaDataSource Unable to get public no-arg constructor

	at java.base/java.util.ServiceLoader.fail(ServiceLoader.java:586)

	at java.base/java.util.ServiceLoader.getConstructor(ServiceLoader.java:679)

	at 
java.base/java.util.ServiceLoader$LazyClassPathLookupIterator.hasNextService(ServiceLoader.java:1240)

	at java.base/java.util.ServiceLoader$LazyClassPathLookupIterator.hasNext(ServiceLoader.java:1273)

	at java.base/java.util.ServiceLoader$2.hasNext(ServiceLoader.java:1309)

	at java.base/java.util.ServiceLoader$3.hasNext(ServiceLoader.java:1393)

	at scala.collection.convert.JavaCollectionWrappers$JIteratorWrapper.hasNext(JavaCollectionWrappers.scal
a:46)

	at scala.collection.StrictOptimizedIterableOps.filterImpl(StrictOptimizedIterableOps.scala:225)

	at scala.collection.StrictOptimizedIterableOps.filterImpl$(StrictOptimizedIterableOps.scala:222)

	at scala.collection.convert.JavaCollectionWrappers$JIterableWrapper.filterImpl(JavaCollectionWrappers.s
cala:83)

	at scala.collection.StrictOptimizedIterableOps.filter(StrictOptimizedIterableOps.scala:218)

	at scala.collection.StrictOptimizedIterableOps.filter$(StrictOptimizedIterableOps.scala:218)

	at 
scala.collection.convert.JavaCollectionWrappers$JIterableWrapper.filter(JavaCollectionWrappers.scala:83)

	at org.apache.spark.sql.execution.datasources.DataSource$.lookupDataSource(DataSource.scala:666)

	at org.apache.spark.sql.execution.datasources.DataSource$.lookupDataSourceV2(DataSource.scala:745)

	at org.apache.spark.sql.catalyst.analysis.ResolveDataSource$$anonfun$apply$1.applyOrElse(ResolveDataSou
rce.scala:58)

	at org.apache.spark.sql.catalyst.analysis.ResolveDataSource$$anonfun$apply$1.applyOrElse(ResolveDataSou
rce.scala:45)

	at org.apache.spark.sql.catalyst.plans.logical.AnalysisHelper.$anonfun$resolveOperatorsUpWithPruning$3(
AnalysisHelper.scala:139)

	at org.apache.spark.sql.catalyst.trees.CurrentOrigin$.withOrigin(origin.scala:107)

	at org.apache.spark.sql.catalyst.plans.logical.AnalysisHelper.$anonfun$resolveOperatorsUpWithPruning$1(
AnalysisHelper.scala:139)

	at org.apache.spark.sql.catalyst.plans.logical.AnalysisHelper$.allowInvokingTransformsInAnalyzer(Analys
isHelper.scala:416)

	at org.apache.spark.sql.catalyst.plans.logical.AnalysisHelper.resolveOperatorsUpWithPruning(AnalysisHel
per.scala:135)

	at org.apache.spark.sql.catalyst.plans.logical.AnalysisHelper.resolveOperatorsUpWithPruning$(AnalysisHe
lper.scala:131)

	at org.apache.spark.sql.catalyst.plans.logical.LogicalPlan.resolveOperatorsUpWithPruning(LogicalPlan.sc
ala:37)

	at 
org.apache.spark.sql.catalyst.plans.logical.AnalysisHelper.resolveOperatorsUp(AnalysisHelper.scala:112)

	at 
org.apache.spark.sql.catalyst.plans.logical.AnalysisHelper.resolveOperatorsUp$(AnalysisHelper.scala:111)

	at org.apache.spark.sql.catalyst.plans.logical.LogicalPlan.resolveOperatorsUp(LogicalPlan.scala:37)

	at org.apache.spark.sql.catalyst.analysis.ResolveDataSource.apply(ResolveDataSource.scala:45)

	at org.apache.spark.sql.catalyst.analysis.ResolveDataSource.apply(ResolveDataSource.scala:43)

	at org.apache.spark.sql.catalyst.rules.RuleExecutor.$anonfun$execute$2(RuleExecutor.scala:248)

	at scala.collection.LinearSeqOps.foldLeft(LinearSeq.scala:183)

	at scala.collection.LinearSeqOps.foldLeft$(LinearSeq.scala:179)

	at scala.collection.immutable.List.foldLeft(List.scala:79)

	at org.apache.spark.sql.catalyst.rules.RuleExecutor.$anonfun$execute$1(RuleExecutor.scala:245)

	at org.apache.spark.sql.catalyst.rules.RuleExecutor.$anonfun$execute$1$adapted(RuleExecutor.scala:237)

	at scala.collection.immutable.List.foreach(List.scala:323)

	at org.apache.spark.sql.catalyst.rules.RuleExecutor.execute(RuleExecutor.scala:237)

	at org.apache.spark.sql.catalyst.analysis.Analyzer.org$apache$spark$sql$catalyst$analysis$Analyzer$$exe
cuteSameContext(Analyzer.scala:343)

	at org.apache.spark.sql.catalyst.analysis.Analyzer.$anonfun$execute$1(Analyzer.scala:339)

	at org.apache.spark.sql.catalyst.analysis.AnalysisContext$.withNewAnalysisContext(Analyzer.scala:224)

	at org.apache.spark.sql.catalyst.analysis.Analyzer.execute(Analyzer.scala:339)

	at org.apache.spark.sql.catalyst.analysis.Analyzer.execute(Analyzer.scala:289)

	at org.apache.spark.sql.catalyst.rules.RuleExecutor.$anonfun$executeAndTrack$1(RuleExecutor.scala:207)

	at org.apache.spark.sql.catalyst.QueryPlanningTracker$.withTracker(QueryPlanningTracker.scala:89)

	at org.apache.spark.sql.catalyst.rules.RuleExecutor.executeAndTrack(RuleExecutor.scala:207)

	at org.apache.spark.sql.catalyst.analysis.resolver.HybridAnalyzer.resolveInFixedPoint(HybridAnalyzer.sc
ala:236)

	at 
org.apache.spark.sql.catalyst.analysis.resolver.HybridAnalyzer.$anonfun$apply$1(HybridAnalyzer.scala:91)

	at org.apache.spark.sql.catalyst.analysis.resolver.HybridAnalyzer.withTrackedAnalyzerBridgeState(Hybrid
Analyzer.scala:122)

	at org.apache.spark.sql.catalyst.analysis.resolver.HybridAnalyzer.apply(HybridAnalyzer.scala:84)

	at org.apache.spark.sql.catalyst.analysis.Analyzer.$anonfun$executeAndCheck$1(Analyzer.scala:322)

	at org.apache.spark.sql.catalyst.plans.logical.AnalysisHelper$.markInAnalyzer(AnalysisHelper.scala:423)

	at org.apache.spark.sql.catalyst.analysis.Analyzer.executeAndCheck(Analyzer.scala:322)

	at org.apache.spark.sql.execution.QueryExecution.$anonfun$lazyAnalyzed$2(QueryExecution.scala:139)

	at org.apache.spark.sql.catalyst.QueryPlanningTracker.measurePhase(QueryPlanningTracker.scala:148)

	at org.apache.spark.sql.execution.QueryExecution.$anonfun$executePhase$2(QueryExecution.scala:330)

	at org.apache.spark.sql.execution.QueryExecution$.withInternalError(QueryExecution.scala:717)

	at org.apache.spark.sql.execution.QueryExecution.$anonfun$executePhase$1(QueryExecution.scala:330)

	at org.apache.spark.sql.SparkSession.withActive(SparkSession.scala:804)

	at org.apache.spark.sql.execution.QueryExecution.executePhase(QueryExecution.scala:329)

	at org.apache.spark.sql.execution.QueryExecution.$anonfun$lazyAnalyzed$1(QueryExecution.scala:139)

	at scala.util.Try$.apply(Try.scala:217)

	at org.apache.spark.util.Utils$.doTryWithCallerStacktrace(Utils.scala:1392)

	at org.apache.spark.util.Utils$.getTryWithCallerStacktrace(Utils.scala:1453)

	at org.apache.spark.util.LazyTry.get(LazyTry.scala:58)

	at org.apache.spark.sql.execution.QueryExecution.analyzed(QueryExecution.scala:150)

	at org.apache.spark.sql.execution.QueryExecution.assertAnalyzed(QueryExecution.scala:90)

	at org.apache.spark.sql.classic.Dataset$.$anonfun$ofRows$1(Dataset.scala:114)

	at org.apache.spark.sql.SparkSession.withActive(SparkSession.scala:804)

	at org.apache.spark.sql.classic.Dataset$.ofRows(Dataset.scala:112)

	at org.apache.spark.sql.classic.DataFrameReader.load(DataFrameReader.scala:108)

	at org.apache.spark.sql.classic.DataFrameReader.load(DataFrameReader.scala:99)

	at java.base/jdk.internal.reflect.NativeMethodAccessorImpl.invoke0(Native Method)

	at java.base/jdk.internal.reflect.NativeMethodAccessorImpl.invoke(NativeMethodAccessorImpl.java:77)

	at 
java.base/jdk.internal.reflect.DelegatingMethodAccessorImpl.invoke(DelegatingMethodAccessorImpl.java:43)

	at java.base/java.lang.reflect.Method.invoke(Method.java:569)

	at py4j.reflection.MethodInvoker.invoke(MethodInvoker.java:244)

	at py4j.reflection.ReflectionEngine.invoke(ReflectionEngine.java:374)

	at py4j.Gateway.invoke(Gateway.java:282)

	at py4j.commands.AbstractCommand.invokeMethod(AbstractCommand.java:132)

	at py4j.commands.CallCommand.execute(CallCommand.java:79)

	at py4j.ClientServerConnection.waitForCommands(ClientServerConnection.java:184)

	at py4j.ClientServerConnection.run(ClientServerConnection.java:108)

	at java.base/java.lang.Thread.run(Thread.java:840)

	Suppressed: org.apache.spark.util.Utils$OriginalTryStackTraceException: Full stacktrace of original 
doTryWithCallerStacktrace caller

		at java.base/java.util.ServiceLoader.fail(ServiceLoader.java:586)

		at java.base/java.util.ServiceLoader.getConstructor(ServiceLoader.java:679)

		at 
java.base/java.util.ServiceLoader$LazyClassPathLookupIterator.hasNextService(ServiceLoader.java:1240)

		at java.base/java.util.ServiceLoader$LazyClassPathLookupIterator.hasNext(ServiceLoader.java:1273)

		at java.base/java.util.ServiceLoader$2.hasNext(ServiceLoader.java:1309)

		at java.base/java.util.ServiceLoader$3.hasNext(ServiceLoader.java:1393)

		at scala.collection.convert.JavaCollectionWrappers$JIteratorWrapper.hasNext(JavaCollectionWrappers.sca
la:46)

		at scala.collection.StrictOptimizedIterableOps.filterImpl(StrictOptimizedIterableOps.scala:225)

		at scala.collection.StrictOptimizedIterableOps.filterImpl$(StrictOptimizedIterableOps.scala:222)

		at scala.collection.convert.JavaCollectionWrappers$JIterableWrapper.filterImpl(JavaCollectionWrappers.
scala:83)

		at scala.collection.StrictOptimizedIterableOps.filter(StrictOptimizedIterableOps.scala:218)

		at scala.collection.StrictOptimizedIterableOps.filter$(StrictOptimizedIterableOps.scala:218)

		at 
scala.collection.convert.JavaCollectionWrappers$JIterableWrapper.filter(JavaCollectionWrappers.scala:83)

		at org.apache.spark.sql.execution.datasources.DataSource$.lookupDataSource(DataSource.scala:666)

		at org.apache.spark.sql.execution.datasources.DataSource$.lookupDataSourceV2(DataSource.scala:745)

		at org.apache.spark.sql.catalyst.analysis.ResolveDataSource$$anonfun$apply$1.applyOrElse(ResolveDataSo
urce.scala:58)

		at org.apache.spark.sql.catalyst.analysis.ResolveDataSource$$anonfun$apply$1.applyOrElse(ResolveDataSo
urce.scala:45)

		at org.apache.spark.sql.catalyst.plans.logical.AnalysisHelper.$anonfun$resolveOperatorsUpWithPruning$3
(AnalysisHelper.scala:139)

		at org.apache.spark.sql.catalyst.trees.CurrentOrigin$.withOrigin(origin.scala:107)

		at org.apache.spark.sql.catalyst.plans.logical.AnalysisHelper.$anonfun$resolveOperatorsUpWithPruning$1
(AnalysisHelper.scala:139)

		at org.apache.spark.sql.catalyst.plans.logical.AnalysisHelper$.allowInvokingTransformsInAnalyzer(Analy
sisHelper.scala:416)

		at org.apache.spark.sql.catalyst.plans.logical.AnalysisHelper.resolveOperatorsUpWithPruning(AnalysisHe
lper.scala:135)

		at org.apache.spark.sql.catalyst.plans.logical.AnalysisHelper.resolveOperatorsUpWithPruning$(AnalysisH
elper.scala:131)

		at org.apache.spark.sql.catalyst.plans.logical.LogicalPlan.resolveOperatorsUpWithPruning(LogicalPlan.s
cala:37)

		at 
org.apache.spark.sql.catalyst.plans.logical.AnalysisHelper.resolveOperatorsUp(AnalysisHelper.scala:112)

		at 
org.apache.spark.sql.catalyst.plans.logical.AnalysisHelper.resolveOperatorsUp$(AnalysisHelper.scala:111)

		at org.apache.spark.sql.catalyst.plans.logical.LogicalPlan.resolveOperatorsUp(LogicalPlan.scala:37)

		at org.apache.spark.sql.catalyst.analysis.ResolveDataSource.apply(ResolveDataSource.scala:45)

		at org.apache.spark.sql.catalyst.analysis.ResolveDataSource.apply(ResolveDataSource.scala:43)

		at org.apache.spark.sql.catalyst.rules.RuleExecutor.$anonfun$execute$2(RuleExecutor.scala:248)

		at scala.collection.LinearSeqOps.foldLeft(LinearSeq.scala:183)

		at scala.collection.LinearSeqOps.foldLeft$(LinearSeq.scala:179)

		at scala.collection.immutable.List.foldLeft(List.scala:79)

		at org.apache.spark.sql.catalyst.rules.RuleExecutor.$anonfun$execute$1(RuleExecutor.scala:245)

		at org.apache.spark.sql.catalyst.rules.RuleExecutor.$anonfun$execute$1$adapted(RuleExecutor.scala:237)

		at scala.collection.immutable.List.foreach(List.scala:323)

		at org.apache.spark.sql.catalyst.rules.RuleExecutor.execute(RuleExecutor.scala:237)

		at org.apache.spark.sql.catalyst.analysis.Analyzer.org$apache$spark$sql$catalyst$analysis$Analyzer$$ex
ecuteSameContext(Analyzer.scala:343)

		at org.apache.spark.sql.catalyst.analysis.Analyzer.$anonfun$execute$1(Analyzer.scala:339)

		at org.apache.spark.sql.catalyst.analysis.AnalysisContext$.withNewAnalysisContext(Analyzer.scala:224)

		at org.apache.spark.sql.catalyst.analysis.Analyzer.execute(Analyzer.scala:339)

		at org.apache.spark.sql.catalyst.analysis.Analyzer.execute(Analyzer.scala:289)

		at org.apache.spark.sql.catalyst.rules.RuleExecutor.$anonfun$executeAndTrack$1(RuleExecutor.scala:207)

		at org.apache.spark.sql.catalyst.QueryPlanningTracker$.withTracker(QueryPlanningTracker.scala:89)

		at org.apache.spark.sql.catalyst.rules.RuleExecutor.executeAndTrack(RuleExecutor.scala:207)

		at org.apache.spark.sql.catalyst.analysis.resolver.HybridAnalyzer.resolveInFixedPoint(HybridAnalyzer.s
cala:236)

		at 
org.apache.spark.sql.catalyst.analysis.resolver.HybridAnalyzer.$anonfun$apply$1(HybridAnalyzer.scala:91)

		at org.apache.spark.sql.catalyst.analysis.resolver.HybridAnalyzer.withTrackedAnalyzerBridgeState(Hybri
dAnalyzer.scala:122)

		at org.apache.spark.sql.catalyst.analysis.resolver.HybridAnalyzer.apply(HybridAnalyzer.scala:84)

		at org.apache.spark.sql.catalyst.analysis.Analyzer.$anonfun$executeAndCheck$1(Analyzer.scala:322)

		at 
org.apache.spark.sql.catalyst.plans.logical.AnalysisHelper$.markInAnalyzer(AnalysisHelper.scala:423)

		at org.apache.spark.sql.catalyst.analysis.Analyzer.executeAndCheck(Analyzer.scala:322)

		at org.apache.spark.sql.execution.QueryExecution.$anonfun$lazyAnalyzed$2(QueryExecution.scala:139)

		at org.apache.spark.sql.catalyst.QueryPlanningTracker.measurePhase(QueryPlanningTracker.scala:148)

		at org.apache.spark.sql.execution.QueryExecution.$anonfun$executePhase$2(QueryExecution.scala:330)

		at org.apache.spark.sql.execution.QueryExecution$.withInternalError(QueryExecution.scala:717)

		at org.apache.spark.sql.execution.QueryExecution.$anonfun$executePhase$1(QueryExecution.scala:330)

		at org.apache.spark.sql.SparkSession.withActive(SparkSession.scala:804)

		at org.apache.spark.sql.execution.QueryExecution.executePhase(QueryExecution.scala:329)

		at org.apache.spark.sql.execution.QueryExecution.$anonfun$lazyAnalyzed$1(QueryExecution.scala:139)

		at scala.util.Try$.apply(Try.scala:217)

		at org.apache.spark.util.Utils$.doTryWithCallerStacktrace(Utils.scala:1392)

		at org.apache.spark.util.LazyTry.tryT$lzycompute(LazyTry.scala:46)

		at org.apache.spark.util.LazyTry.tryT(LazyTry.scala:46)

		... 20 more

Caused by: java.lang.NoClassDefFoundError: scala/collection/GenTraversableOnce

	at java.base/java.lang.Class.getDeclaredConstructors0(Native Method)

	at java.base/java.lang.Class.privateGetDeclaredConstructors(Class.java:3375)

	at java.base/java.lang.Class.getConstructor0(Class.java:3580)

	at java.base/java.lang.Class.getConstructor(Class.java:2273)

	at java.base/java.util.ServiceLoader$1.run(ServiceLoader.java:666)

	at java.base/java.util.ServiceLoader$1.run(ServiceLoader.java:663)

	at java.base/java.security.AccessController.doPrivileged(AccessController.java:569)

	at java.base/java.util.ServiceLoader.getConstructor(ServiceLoader.java:674)

	at 
java.base/java.util.ServiceLoader$LazyClassPathLookupIterator.hasNextService(ServiceLoader.java:1240)

	at java.base/java.util.ServiceLoader$LazyClassPathLookupIterator.hasNext(ServiceLoader.java:1273)

	at java.base/java.util.ServiceLoader$2.hasNext(ServiceLoader.java:1309)

	at java.base/java.util.ServiceLoader$3.hasNext(ServiceLoader.java:1393)

	at scala.collection.convert.JavaCollectionWrappers$JIteratorWrapper.hasNext(JavaCollectionWrappers.scal
a:46)

	at scala.collection.StrictOptimizedIterableOps.filterImpl(StrictOptimizedIterableOps.scala:225)

	at scala.collection.StrictOptimizedIterableOps.filterImpl$(StrictOptimizedIterableOps.scala:222)

	at scala.collection.convert.JavaCollectionWrappers$JIterableWrapper.filterImpl(JavaCollectionWrappers.s
cala:83)

	at scala.collection.StrictOptimizedIterableOps.filter(StrictOptimizedIterableOps.scala:218)

	at scala.collection.StrictOptimizedIterableOps.filter$(StrictOptimizedIterableOps.scala:218)

	at 
scala.collection.convert.JavaCollectionWrappers$JIterableWrapper.filter(JavaCollectionWrappers.scala:83)

	at org.apache.spark.sql.execution.datasources.DataSource$.lookupDataSource(DataSource.scala:666)

	at org.apache.spark.sql.execution.datasources.DataSource$.lookupDataSourceV2(DataSource.scala:745)

	at org.apache.spark.sql.catalyst.analysis.ResolveDataSource$$anonfun$apply$1.applyOrElse(ResolveDataSou
rce.scala:58)

	at org.apache.spark.sql.catalyst.analysis.ResolveDataSource$$anonfun$apply$1.applyOrElse(ResolveDataSou
rce.scala:45)

	at org.apache.spark.sql.catalyst.plans.logical.AnalysisHelper.$anonfun$resolveOperatorsUpWithPruning$3(
AnalysisHelper.scala:139)

	at org.apache.spark.sql.catalyst.trees.CurrentOrigin$.withOrigin(origin.scala:107)

	at org.apache.spark.sql.catalyst.plans.logical.AnalysisHelper.$anonfun$resolveOperatorsUpWithPruning$1(
AnalysisHelper.scala:139)

	at org.apache.spark.sql.catalyst.plans.logical.AnalysisHelper$.allowInvokingTransformsInAnalyzer(Analys
isHelper.scala:416)

	at org.apache.spark.sql.catalyst.plans.logical.AnalysisHelper.resolveOperatorsUpWithPruning(AnalysisHel
per.scala:135)

	at org.apache.spark.sql.catalyst.plans.logical.AnalysisHelper.resolveOperatorsUpWithPruning$(AnalysisHe
lper.scala:131)

	at org.apache.spark.sql.catalyst.plans.logical.LogicalPlan.resolveOperatorsUpWithPruning(LogicalPlan.sc
ala:37)

	at 
org.apache.spark.sql.catalyst.plans.logical.AnalysisHelper.resolveOperatorsUp(AnalysisHelper.scala:112)

	at 
org.apache.spark.sql.catalyst.plans.logical.AnalysisHelper.resolveOperatorsUp$(AnalysisHelper.scala:111)

	at org.apache.spark.sql.catalyst.plans.logical.LogicalPlan.resolveOperatorsUp(LogicalPlan.scala:37)

	at org.apache.spark.sql.catalyst.analysis.ResolveDataSource.apply(ResolveDataSource.scala:45)

	at org.apache.spark.sql.catalyst.analysis.ResolveDataSource.apply(ResolveDataSource.scala:43)

	at org.apache.spark.sql.catalyst.rules.RuleExecutor.$anonfun$execute$2(RuleExecutor.scala:248)

	at scala.collection.LinearSeqOps.foldLeft(LinearSeq.scala:183)

	at scala.collection.LinearSeqOps.foldLeft$(LinearSeq.scala:179)

	at scala.collection.immutable.List.foldLeft(List.scala:79)

	at org.apache.spark.sql.catalyst.rules.RuleExecutor.$anonfun$execute$1(RuleExecutor.scala:245)

	at org.apache.spark.sql.catalyst.rules.RuleExecutor.$anonfun$execute$1$adapted(RuleExecutor.scala:237)

	at scala.collection.immutable.List.foreach(List.scala:323)

	at org.apache.spark.sql.catalyst.rules.RuleExecutor.execute(RuleExecutor.scala:237)

	at org.apache.spark.sql.catalyst.analysis.Analyzer.org$apache$spark$sql$catalyst$analysis$Analyzer$$exe
cuteSameContext(Analyzer.scala:343)

	at org.apache.spark.sql.catalyst.analysis.Analyzer.$anonfun$execute$1(Analyzer.scala:339)

	at org.apache.spark.sql.catalyst.analysis.AnalysisContext$.withNewAnalysisContext(Analyzer.scala:224)

	at org.apache.spark.sql.catalyst.analysis.Analyzer.execute(Analyzer.scala:339)

	at org.apache.spark.sql.catalyst.analysis.Analyzer.execute(Analyzer.scala:289)

	at org.apache.spark.sql.catalyst.rules.RuleExecutor.$anonfun$executeAndTrack$1(RuleExecutor.scala:207)

	at org.apache.spark.sql.catalyst.QueryPlanningTracker$.withTracker(QueryPlanningTracker.scala:89)

	at org.apache.spark.sql.catalyst.rules.RuleExecutor.executeAndTrack(RuleExecutor.scala:207)

	at org.apache.spark.sql.catalyst.analysis.resolver.HybridAnalyzer.resolveInFixedPoint(HybridAnalyzer.sc
ala:236)

	at 
org.apache.spark.sql.catalyst.analysis.resolver.HybridAnalyzer.$anonfun$apply$1(HybridAnalyzer.scala:91)

	at org.apache.spark.sql.catalyst.analysis.resolver.HybridAnalyzer.withTrackedAnalyzerBridgeState(Hybrid
Analyzer.scala:122)

	at org.apache.spark.sql.catalyst.analysis.resolver.HybridAnalyzer.apply(HybridAnalyzer.scala:84)

	at org.apache.spark.sql.catalyst.analysis.Analyzer.$anonfun$executeAndCheck$1(Analyzer.scala:322)

	at org.apache.spark.sql.catalyst.plans.logical.AnalysisHelper$.markInAnalyzer(AnalysisHelper.scala:423)

	at org.apache.spark.sql.catalyst.analysis.Analyzer.executeAndCheck(Analyzer.scala:322)

	at org.apache.spark.sql.execution.QueryExecution.$anonfun$lazyAnalyzed$2(QueryExecution.scala:139)

	at org.apache.spark.sql.catalyst.QueryPlanningTracker.measurePhase(QueryPlanningTracker.scala:148)

	at org.apache.spark.sql.execution.QueryExecution.$anonfun$executePhase$2(QueryExecution.scala:330)

	at org.apache.spark.sql.execution.QueryExecution$.withInternalError(QueryExecution.scala:717)

	at org.apache.spark.sql.execution.QueryExecution.$anonfun$executePhase$1(QueryExecution.scala:330)

	at org.apache.spark.sql.SparkSession.withActive(SparkSession.scala:804)

	at org.apache.spark.sql.execution.QueryExecution.executePhase(QueryExecution.scala:329)

	at org.apache.spark.sql.execution.QueryExecution.$anonfun$lazyAnalyzed$1(QueryExecution.scala:139)

	at scala.util.Try$.apply(Try.scala:217)

	at org.apache.spark.util.Utils$.doTryWithCallerStacktrace(Utils.scala:1392)

	at org.apache.spark.util.LazyTry.tryT$lzycompute(LazyTry.scala:46)

	at org.apache.spark.util.LazyTry.tryT(LazyTry.scala:46)

	... 20 more

Caused by: java.lang.ClassNotFoundException: scala.collection.GenTraversableOnce

	at java.base/java.net.URLClassLoader.findClass(URLClassLoader.java:445)

	at java.base/java.lang.ClassLoader.loadClass(ClassLoader.java:592)

	at java.base/java.lang.ClassLoader.loadClass(ClassLoader.java:525)

	... 90 more


SUCCESS: The process with PID 16936 (child process of PID 13708) has been terminated.
SUCCESS: The process with PID 13708 (child process of PID 35552) has been terminated.
SUCCESS: The process with PID 35552 (child process of PID 36152) has been terminated.
Error: Final_Report.csv not found!
